<?xml version="1.0" encoding="UTF-8"?>
<!-- Generated by org.testng.reporters.JUnitReportReporter -->
<testsuite hostname="DESKTOP-7QUFP21" failures="0" tests="1" name="spring.mongodb.api.restAssured.restAssured" time="1.704" errors="0" timestamp="2021-06-24T13:27:28 IST" skipped="0">
  <testcase classname="spring.mongodb.api.restAssured.restAssured" name="test_get" time="1.704"/>
  <system-out/>
</testsuite> <!-- spring.mongodb.api.restAssured.restAssured -->
